#
# A fatal error has been detected by the Java Runtime Environment:
#
#  SIGSEGV (0xb) at pc=0x616c002f, pid=4742, tid=3062552384
#
# JRE version:  (7.0_65-b32) (build )
# Java VM: OpenJDK Client VM (24.65-b04 mixed mode linux-x86 )
# Derivative: IcedTea 2.5.2
# Distribution: Ubuntu 14.04 LTS, package 7u65-2.5.2-3~14.04
# Problematic frame:
# C  0x616c002f
#
# Failed to write core dump. Core dumps have been disabled. To enable core dumping, try "ulimit -c unlimited" before starting Java again
#
# If you would like to submit a bug report, please include
# instructions on how to reproduce the bug and visit:
#   http://icedtea.classpath.org/bugzilla
#

---------------  T H R E A D  ---------------

Current thread (0x7fac0000):  JavaThread "Unknown thread" [_thread_in_vm, id=4742, stack(0xbfb83000,0xbfbd3000)]

siginfo:si_signo=SIGSEGV: si_errno=0, si_code=2 (SEGV_ACCERR), si_addr=0x616c002f

Registers:
EAX=0x7c807998, EBX=0x7bfd8000, ECX=0x7fac0000, EDX=0x4b3f6fb8
ESP=0xbfbc428c, EBP=0x7c8c5ea0, ESI=0x00000000, EDI=0x00000000
EIP=0x616c002f, EFLAGS=0x00210246, CR2=0x616c002f

Top of Stack: (sp=0xbfbc428c)
0xbfbc428c:   7bbdbe6c 4b3f6fb8 b72f49c9 7bfd8000
0xbfbc429c:   7bd64dc2 7fac0030 7c3fb760 00000000
0xbfbc42ac:   7be4b347 7c8c5ea0 7fac0000 00003000
0xbfbc42bc:   7be43b40 bfb83000 00003000 00000000
0xbfbc42cc:   7be4001b 7fac0000 00000000 7be4b2d9
0xbfbc42dc:   7bfd8000 00000000 7fac0000 00000000
0xbfbc42ec:   7bc54e9b 7fac0030 00000001 00000200
0xbfbc42fc:   b7675000 00000026 ffead410 00000010 

Instructions: (pc=0x616c002f)
0x616c000f:   3f dd 46 54 da a1 a3 64 bf d4 4d 81 65 3e 7c 4e
0x616c001f:   3f d4 4d 81 65 3e 7c 4e 3f d4 4d 81 65 3e 7c 4e
0x616c002f:   3f 44 e0 bd 30 99 51 5a 3f 92 b2 2b 50 b5 dc 59
0x616c003f:   3f 85 cd 59 a5 61 36 9d bf b4 b3 d8 5a a7 6d 85 

Stack: [0xbfb83000,0xbfbd3000],  sp=0xbfbc428c,  free space=260k
Native frames: (J=compiled Java code, j=interpreted, Vv=VM code, C=native code)
C  0x616c002f


---------------  P R O C E S S  ---------------

Java Threads: ( => current thread )

Other Threads:

=>0x7fac0000 (exited) JavaThread "Unknown thread" [_thread_in_vm, id=4742, stack(0xbfb83000,0xbfbd3000)]

VM state:not at safepoint (not fully initialized)

VM Mutex/Monitor currently owned by a thread: None

GC Heap History (0 events):
No events

Deoptimization events (0 events):
No events

Internal exceptions (0 events):
No events

Events (0 events):
No events


Dynamic libraries:
01f00000-02100000 rw-p 00000000 00:00 0 
02100000-02300000 rw-p 00000000 00:00 0 
02300000-02500000 rw-p 00000000 00:00 0 
02500000-026fc000 rw-p 00000000 00:00 0 
026fc000-02700000 ---p 00000000 00:00 0 
02700000-02900000 rw-p 00000000 00:00 0 
02900000-02b00000 rw-p 00000000 00:00 0 
02b00000-02bf7000 rw-p 00000000 00:00 0 
02bf7000-02c00000 ---p 00000000 00:00 0 
02c00000-02cf7000 rw-p 00000000 00:00 0 
02cf7000-02d00000 ---p 00000000 00:00 0 
02d00000-02df7000 rw-p 00000000 00:00 0 
02df7000-02e00000 ---p 00000000 00:00 0 
02e00000-02ef7000 rw-p 00000000 00:00 0 
02ef7000-02f00000 ---p 00000000 00:00 0 
02f00000-02ff7000 rw-p 00000000 00:00 0 
02ff7000-03000000 ---p 00000000 00:00 0 
03000000-030f7000 rw-p 00000000 00:00 0 
030f7000-03100000 ---p 00000000 00:00 0 
03100000-031f7000 rw-p 00000000 00:00 0 
031f7000-03200000 ---p 00000000 00:00 0 
03200000-032f7000 rw-p 00000000 00:00 0 
032f7000-03300000 ---p 00000000 00:00 0 
03300000-033f7000 rw-p 00000000 00:00 0 
033f7000-03400000 ---p 00000000 00:00 0 
03400000-034f7000 rw-p 00000000 00:00 0 
034f7000-03500000 ---p 00000000 00:00 0 
03500000-035f7000 rw-p 00000000 00:00 0 
035f7000-03600000 ---p 00000000 00:00 0 
03600000-036f7000 rw-p 00000000 00:00 0 
036f7000-03700000 ---p 00000000 00:00 0 
03700000-037f7000 rw-p 00000000 00:00 0 
037f7000-03800000 ---p 00000000 00:00 0 
03800000-038f7000 rw-p 00000000 00:00 0 
038f7000-03900000 ---p 00000000 00:00 0 
03900000-039f7000 rw-p 00000000 00:00 0 
039f7000-03a00000 ---p 00000000 00:00 0 
03a00000-03af7000 rw-p 00000000 00:00 0 
03af7000-03b00000 ---p 00000000 00:00 0 
03b00000-03bf7000 rw-p 00000000 00:00 0 
03bf7000-03c00000 ---p 00000000 00:00 0 
03c00000-03cf7000 rw-p 00000000 00:00 0 
03cf7000-03d00000 ---p 00000000 00:00 0 
03d00000-03df7000 rw-p 00000000 00:00 0 
03df7000-03e00000 ---p 00000000 00:00 0 
03e00000-03ef7000 rw-p 00000000 00:00 0 
03ef7000-03f00000 ---p 00000000 00:00 0 
03f00000-03ff7000 rw-p 00000000 00:00 0 
03ff7000-04000000 ---p 00000000 00:00 0 
04000000-040f7000 rw-p 00000000 00:00 0 
040f7000-04100000 ---p 00000000 00:00 0 
04100000-041f7000 rw-p 00000000 00:00 0 
041f7000-04200000 ---p 00000000 00:00 0 
04200000-042f7000 rw-p 00000000 00:00 0 
042f7000-04300000 ---p 00000000 00:00 0 
04300000-043f7000 rw-p 00000000 00:00 0 
043f7000-04400000 ---p 00000000 00:00 0 
04400000-044f7000 rw-p 00000000 00:00 0 
044f7000-04500000 ---p 00000000 00:00 0 
04500000-045f7000 rw-p 00000000 00:00 0 
045f7000-04600000 ---p 00000000 00:00 0 
04600000-046f7000 rw-p 00000000 00:00 0 
046f7000-04700000 ---p 00000000 00:00 0 
04700000-047f7000 rw-p 00000000 00:00 0 
047f7000-04800000 ---p 00000000 00:00 0 
04800000-048f7000 rw-p 00000000 00:00 0 
048f7000-04900000 ---p 00000000 00:00 0 
04900000-049f7000 rw-p 00000000 00:00 0 
049f7000-04a00000 ---p 00000000 00:00 0 
04a00000-04af7000 rw-p 00000000 00:00 0 
04af7000-04b00000 ---p 00000000 00:00 0 
04b00000-04bf7000 rw-p 00000000 00:00 0 
04bf7000-04c00000 ---p 00000000 00:00 0 
04c00000-04cf7000 rw-p 00000000 00:00 0 
04cf7000-04d00000 ---p 00000000 00:00 0 
04d00000-04df7000 rw-p 00000000 00:00 0 
04df7000-04e00000 ---p 00000000 00:00 0 
04e00000-04ef7000 rw-p 00000000 00:00 0 
04ef7000-04f00000 ---p 00000000 00:00 0 
04f00000-04ff7000 rw-p 00000000 00:00 0 
04ff7000-05000000 ---p 00000000 00:00 0 
05000000-050f7000 rw-p 00000000 00:00 0 
050f7000-05100000 ---p 00000000 00:00 0 
05100000-051f7000 rw-p 00000000 00:00 0 
051f7000-05200000 ---p 00000000 00:00 0 
05200000-052f7000 rw-p 00000000 00:00 0 
052f7000-05300000 ---p 00000000 00:00 0 
05300000-053f7000 rw-p 00000000 00:00 0 
053f7000-05400000 ---p 00000000 00:00 0 
05400000-054f7000 rw-p 00000000 00:00 0 
054f7000-05500000 ---p 00000000 00:00 0 
05500000-055f7000 rw-p 00000000 00:00 0 
055f7000-05600000 ---p 00000000 00:00 0 
05600000-056f7000 rw-p 00000000 00:00 0 
056f7000-05700000 ---p 00000000 00:00 0 
05700000-057f7000 rw-p 00000000 00:00 0 
057f7000-05800000 ---p 00000000 00:00 0 
05800000-058f7000 rw-p 00000000 00:00 0 
058f7000-05900000 ---p 00000000 00:00 0 
05900000-059f7000 rw-p 00000000 00:00 0 
059f7000-05a00000 ---p 00000000 00:00 0 
05a00000-05af7000 rw-p 00000000 00:00 0 
05af7000-05b00000 ---p 00000000 00:00 0 
05b00000-05bf7000 rw-p 00000000 00:00 0 
05bf7000-05c00000 ---p 00000000 00:00 0 
05c00000-05cf7000 rw-p 00000000 00:00 0 
05cf7000-05d00000 ---p 00000000 00:00 0 
05d00000-05df7000 rw-p 00000000 00:00 0 
05df7000-05e00000 ---p 00000000 00:00 0 
05e00000-05ef7000 rw-p 00000000 00:00 0 
05ef7000-05f00000 ---p 00000000 00:00 0 
05f00000-05ff7000 rw-p 00000000 00:00 0 
05ff7000-06000000 ---p 00000000 00:00 0 
06000000-060f7000 rw-p 00000000 00:00 0 
060f7000-06100000 ---p 00000000 00:00 0 
06100000-061f7000 rw-p 00000000 00:00 0 
061f7000-06200000 ---p 00000000 00:00 0 
06200000-062f7000 rw-p 00000000 00:00 0 
062f7000-06300000 ---p 00000000 00:00 0 
06300000-063f7000 rw-p 00000000 00:00 0 
063f7000-06400000 ---p 00000000 00:00 0 
06400000-064f7000 rw-p 00000000 00:00 0 
064f7000-06500000 ---p 00000000 00:00 0 
06500000-065f7000 rw-p 00000000 00:00 0 
065f7000-06600000 ---p 00000000 00:00 0 
06600000-066f7000 rw-p 00000000 00:00 0 
066f7000-06700000 ---p 00000000 00:00 0 
06700000-067f7000 rw-p 00000000 00:00 0 
067f7000-06800000 ---p 00000000 00:00 0 
06800000-068f7000 rw-p 00000000 00:00 0 
068f7000-06900000 ---p 00000000 00:00 0 
06900000-069f7000 rw-p 00000000 00:00 0 
069f7000-06a00000 ---p 00000000 00:00 0 
06a00000-06af7000 rw-p 00000000 00:00 0 
06af7000-06b00000 ---p 00000000 00:00 0 
06b00000-06bf7000 rw-p 00000000 00:00 0 
06bf7000-06c00000 ---p 00000000 00:00 0 
06c00000-06cf7000 rw-p 00000000 00:00 0 
06cf7000-06d00000 ---p 00000000 00:00 0 
06d00000-06df7000 rw-p 00000000 00:00 0 
06df7000-06e00000 ---p 00000000 00:00 0 
06e00000-06ef7000 rw-p 00000000 00:00 0 
06ef7000-06f00000 ---p 00000000 00:00 0 
06f00000-06ff7000 rw-p 00000000 00:00 0 
06ff7000-07000000 ---p 00000000 00:00 0 
07000000-070f7000 rw-p 00000000 00:00 0 
070f7000-07100000 ---p 00000000 00:00 0 
07100000-071f7000 rw-p 00000000 00:00 0 
071f7000-07200000 ---p 00000000 00:00 0 
07200000-072f7000 rw-p 00000000 00:00 0 
072f7000-07300000 ---p 00000000 00:00 0 
07300000-073f7000 rw-p 00000000 00:00 0 
073f7000-07400000 ---p 00000000 00:00 0 
07400000-074f7000 rw-p 00000000 00:00 0 
074f7000-07500000 ---p 00000000 00:00 0 
07500000-075f7000 rw-p 00000000 00:00 0 
075f7000-07600000 ---p 00000000 00:00 0 
07600000-076f7000 rw-p 00000000 00:00 0 
076f7000-07700000 ---p 00000000 00:00 0 
07700000-077f7000 rw-p 00000000 00:00 0 
077f7000-07800000 ---p 00000000 00:00 0 
07800000-078f7000 rw-p 00000000 00:00 0 
078f7000-07900000 ---p 00000000 00:00 0 
07900000-079f7000 rw-p 00000000 00:00 0 
079f7000-07a00000 ---p 00000000 00:00 0 
07a00000-07af7000 rw-p 00000000 00:00 0 
07af7000-07b00000 ---p 00000000 00:00 0 
07b00000-07bf7000 rw-p 00000000 00:00 0 
07bf7000-07c00000 ---p 00000000 00:00 0 
07c00000-07cf7000 rw-p 00000000 00:00 0 
07cf7000-07d00000 ---p 00000000 00:00 0 
07d00000-07df7000 rw-p 00000000 00:00 0 
07df7000-07e00000 ---p 00000000 00:00 0 
07e00000-07ef7000 rw-p 00000000 00:00 0 
07ef7000-07f00000 ---p 00000000 00:00 0 
07f00000-07ff7000 rw-p 00000000 00:00 0 
07ff7000-08000000 ---p 00000000 00:00 0 
08048000-09429000 r-xp 00000000 08:11 4326173    /usr/lib/rstudio/bin/rsession
09429000-09436000 r--p 013e1000 08:11 4326173    /usr/lib/rstudio/bin/rsession
09436000-0943a000 rw-p 013ee000 08:11 4326173    /usr/lib/rstudio/bin/rsession
0943a000-09443000 rw-p 00000000 00:00 0 
09600000-096f7000 rw-p 00000000 00:00 0 
096f7000-09700000 ---p 00000000 00:00 0 
09700000-097f7000 rw-p 00000000 00:00 0 
097f7000-09800000 ---p 00000000 00:00 0 
09800000-098f7000 rw-p 00000000 00:00 0 
098f7000-09900000 ---p 00000000 00:00 0 
09900000-099f7000 rw-p 00000000 00:00 0 
099f7000-09a00000 ---p 00000000 00:00 0 
09a00000-09af7000 rw-p 00000000 00:00 0 
09af7000-09b00000 ---p 00000000 00:00 0 
09b4e000-4530f000 rw-p 00000000 00:00 0          [heap]
45500000-455f7000 rw-p 00000000 00:00 0 
455f7000-45600000 ---p 00000000 00:00 0 
45600000-456f7000 rw-p 00000000 00:00 0 
456f7000-45700000 ---p 00000000 00:00 0 
45700000-457f7000 rw-p 00000000 00:00 0 
457f7000-45800000 ---p 00000000 00:00 0 
45800000-458f7000 rw-p 00000000 00:00 0 
458f7000-45900000 ---p 00000000 00:00 0 
45900000-459f7000 rw-p 00000000 00:00 0 
459f7000-45a00000 ---p 00000000 00:00 0 
45a00000-45af7000 rw-p 00000000 00:00 0 
45af7000-45b00000 ---p 00000000 00:00 0 
45b00000-45bf7000 rw-p 00000000 00:00 0 
45bf7000-45c00000 ---p 00000000 00:00 0 
45c00000-45cf7000 rw-p 00000000 00:00 0 
45cf7000-45d00000 ---p 00000000 00:00 0 
45d00000-45df7000 rw-p 00000000 00:00 0 
45df7000-45e00000 ---p 00000000 00:00 0 
45e00000-45ef7000 rw-p 00000000 00:00 0 
45ef7000-45f00000 ---p 00000000 00:00 0 
45f00000-45ff7000 rw-p 00000000 00:00 0 
45ff7000-46000000 ---p 00000000 00:00 0 
46000000-460f7000 rw-p 00000000 00:00 0 
460f7000-46100000 ---p 00000000 00:00 0 
46100000-461f7000 rw-p 00000000 00:00 0 
461f7000-46200000 ---p 00000000 00:00 0 
46200000-462f7000 rw-p 00000000 00:00 0 
462f7000-46300000 ---p 00000000 00:00 0 
46300000-463f7000 rw-p 00000000 00:00 0 
463f7000-46400000 ---p 00000000 00:00 0 
46400000-464f7000 rw-p 00000000 00:00 0 
464f7000-46500000 ---p 00000000 00:00 0 
46500000-465f7000 rw-p 00000000 00:00 0 
465f7000-46600000 ---p 00000000 00:00 0 
46600000-466f7000 rw-p 00000000 00:00 0 
466f7000-46700000 ---p 00000000 00:00 0 
46700000-467f7000 rw-p 00000000 00:00 0 
467f7000-46800000 ---p 00000000 00:00 0 
46800000-468f7000 rw-p 00000000 00:00 0 
468f7000-46900000 ---p 00000000 00:00 0 
46900000-469f7000 rw-p 00000000 00:00 0 
469f7000-46a00000 ---p 00000000 00:00 0 
46a00000-46af7000 rw-p 00000000 00:00 0 
46af7000-46b00000 ---p 00000000 00:00 0 
46b00000-46bf7000 rw-p 00000000 00:00 0 
46bf7000-46c00000 ---p 00000000 00:00 0 
46c00000-46cf7000 rw-p 00000000 00:00 0 
46cf7000-46d00000 ---p 00000000 00:00 0 
46d00000-46df7000 rw-p 00000000 00:00 0 
46df7000-46e00000 ---p 00000000 00:00 0 
46e00000-46ef7000 rw-p 00000000 00:00 0 
46ef7000-46f00000 ---p 00000000 00:00 0 
46f00000-46ff7000 rw-p 00000000 00:00 0 
46ff7000-47000000 ---p 00000000 00:00 0 
47000000-470f7000 rw-p 00000000 00:00 0 
470f7000-47100000 ---p 00000000 00:00 0 
47100000-471f7000 rw-p 00000000 00:00 0 
471f7000-47200000 ---p 00000000 00:00 0 
47200000-472f7000 rw-p 00000000 00:00 0 
472f7000-47300000 ---p 00000000 00:00 0 
47300000-473f7000 rw-p 00000000 00:00 0 
473f7000-47400000 ---p 00000000 00:00 0 
47400000-474f7000 rw-p 00000000 00:00 0 
474f7000-47500000 ---p 00000000 00:00 0 
47500000-475f7000 rw-p 00000000 00:00 0 
475f7000-47600000 ---p 00000000 00:00 0 
47600000-476f7000 rw-p 00000000 00:00 0 
476f7000-47700000 ---p 00000000 00:00 0 
47700000-477f7000 rw-p 00000000 00:00 0 
477f7000-47800000 ---p 00000000 00:00 0 
47800000-478f7000 rw-p 00000000 00:00 0 
478f7000-47900000 ---p 00000000 00:00 0 
47900000-479f7000 rw-p 00000000 00:00 0 
479f7000-47a00000 ---p 00000000 00:00 0 
47a00000-47af7000 rw-p 00000000 00:00 0 
47af7000-47b00000 ---p 00000000 00:00 0 
47b00000-47bf7000 rw-p 00000000 00:00 0 
47bf7000-47c00000 ---p 00000000 00:00 0 
48600000-486f7000 rw-p 00000000 00:00 0 
486f7000-48700000 ---p 00000000 00:00 0 
48700000-487f7000 rw-p 00000000 00:00 0 
487f7000-48800000 ---p 00000000 00:00 0 
48800000-488f7000 rw-p 00000000 00:00 0 
488f7000-48900000 ---p 00000000 00:00 0 
48900000-489f7000 rw-p 00000000 00:00 0 
489f7000-48a00000 ---p 00000000 00:00 0 
48a00000-48af7000 rw-p 00000000 00:00 0 
48af7000-48b00000 ---p 00000000 00:00 0 
48b00000-48bf7000 rw-p 00000000 00:00 0 
48bf7000-48c00000 ---p 00000000 00:00 0 
48c00000-48cf7000 rw-p 00000000 00:00 0 
48cf7000-48d00000 ---p 00000000 00:00 0 
48d00000-48df7000 rw-p 00000000 00:00 0 
48df7000-48e00000 ---p 00000000 00:00 0 
48e00000-48ef7000 rw-p 00000000 00:00 0 
48ef7000-48f00000 ---p 00000000 00:00 0 
48f00000-48ff7000 rw-p 00000000 00:00 0 
48ff7000-49000000 ---p 00000000 00:00 0 
49000000-490f7000 rw-p 00000000 00:00 0 
490f7000-49100000 ---p 00000000 00:00 0 
49100000-491f7000 rw-p 00000000 00:00 0 
491f7000-49200000 ---p 00000000 00:00 0 
49200000-492f7000 rw-p 00000000 00:00 0 
492f7000-49300000 ---p 00000000 00:00 0 
49300000-493f7000 rw-p 00000000 00:00 0 
493f7000-49400000 ---p 00000000 00:00 0 
49400000-494f7000 rw-p 00000000 00:00 0 
494f7000-49500000 ---p 00000000 00:00 0 
49500000-495f7000 rw-p 00000000 00:00 0 
495f7000-49600000 ---p 00000000 00:00 0 
49600000-496f7000 rw-p 00000000 00:00 0 
496f7000-49700000 ---p 00000000 00:00 0 
49700000-497f7000 rw-p 00000000 00:00 0 
497f7000-49800000 ---p 00000000 00:00 0 
49800000-498f7000 rw-p 00000000 00:00 0 
498f7000-49900000 ---p 00000000 00:00 0 
49900000-499f7000 rw-p 00000000 00:00 0 
499f7000-49a00000 ---p 00000000 00:00 0 
49a00000-49af7000 rw-p 00000000 00:00 0 
49af7000-49b00000 ---p 00000000 00:00 0 
49b00000-49bf7000 rw-p 00000000 00:00 0 
49bf7000-49c00000 ---p 00000000 00:00 0 
49c00000-49cf7000 rw-p 00000000 00:00 0 
49cf7000-49d00000 ---p 00000000 00:00 0 
49d00000-49df7000 rw-p 00000000 00:00 0 
49df7000-49e00000 ---p 00000000 00:00 0 
49e00000-49ef7000 rw-p 00000000 00:00 0 
49ef7000-49f00000 ---p 00000000 00:00 0 
49f00000-49ff7000 rw-p 00000000 00:00 0 
49ff7000-4a000000 ---p 00000000 00:00 0 
4a000000-4a0f7000 rw-p 00000000 00:00 0 
4a0f7000-4a100000 ---p 00000000 00:00 0 
4a100000-4a1f7000 rw-p 00000000 00:00 0 
4a1f7000-4a200000 ---p 00000000 00:00 0 
4a200000-4a2f7000 rw-p 00000000 00:00 0 
4a2f7000-4a300000 ---p 00000000 00:00 0 
4a300000-4a3f7000 rw-p 00000000 00:00 0 
4a3f7000-4a400000 ---p 00000000 00:00 0 
4a400000-4a4f7000 rw-p 00000000 00:00 0 
4a4f7000-4a500000 ---p 00000000 00:00 0 
4a500000-4a5f7000 rw-p 00000000 00:00 0 
4a5f7000-4a600000 ---p 00000000 00:00 0 
4a600000-4a6f7000 rw-p 00000000 00:00 0 
4a6f7000-4a700000 ---p 00000000 00:00 0 
4a700000-4a7f7000 rw-p 00000000 00:00 0 
4a7f7000-4a800000 ---p 00000000 00:00 0 
4a800000-4a8f7000 rw-p 00000000 00:00 0 
4a8f7000-4a900000 ---p 00000000 00:00 0 
4a900000-4a9f7000 rw-p 00000000 00:00 0 
4a9f7000-4aa00000 ---p 00000000 00:00 0 
4aa00000-4aaf7000 rw-p 00000000 00:00 0 
4aaf7000-4ab00000 ---p 00000000 00:00 0 
4ab00000-4abf7000 rw-p 00000000 00:00 0 
4abf7000-4ac00000 ---p 00000000 00:00 0 
4ac00000-4acf7000 rw-p 00000000 00:00 0 
4acf7000-4ad00000 ---p 00000000 00:00 0 
4ad00000-4adf7000 rw-p 00000000 00:00 0 
4adf7000-4ae00000 ---p 00000000 00:00 0 
4ae00000-4aef7000 rw-p 00000000 00:00 0 
4aef7000-4af00000 ---p 00000000 00:00 0 
4af00000-4aff7000 rw-p 00000000 00:00 0 
4aff7000-4b000000 ---p 00000000 00:00 0 
4b000000-4b0f7000 rw-p 00000000 00:00 0 
4b0f7000-4b100000 ---p 00000000 00:00 0 
4b100000-4b1f7000 rw-p 00000000 00:00 0 
4b1f7000-4b200000 ---p 00000000 00:00 0 
4b200000-4b2f7000 rw-p 00000000 00:00 0 
4b2f7000-4b300000 ---p 00000000 00:00 0 
4b300000-4b3f7000 rw-p 00000000 00:00 0 
4b3f7000-4b400000 ---p 00000000 00:00 0 
4b400000-4b4f7000 rw-p 00000000 00:00 0 
4b4f7000-4b500000 ---p 00000000 00:00 0 
4b500000-4b5f7000 rw-p 00000000 00:00 0 
4b5f7000-4b600000 ---p 00000000 00:00 0 
4b600000-4b6f7000 rw-p 00000000 00:00 0 
4b6f7000-4b700000 ---p 00000000 00:00 0 
4b700000-4b7f7000 rw-p 00000000 00:00 0 
4b7f7000-4b800000 ---p 00000000 00:00 0 
4b800000-4b8f7000 rw-p 00000000 00:00 0 
4b8f7000-4b900000 ---p 00000000 00:00 0 
4b900000-4b9f7000 rw-p 00000000 00:00 0 
4b9f7000-4ba00000 ---p 00000000 00:00 0 
4ba00000-4baf7000 rw-p 00000000 00:00 0 
4baf7000-4bb00000 ---p 00000000 00:00 0 
4bb00000-4bbf7000 rw-p 00000000 00:00 0 
4bbf7000-4bc00000 ---p 00000000 00:00 0 
4bc00000-4bcf7000 rw-p 00000000 00:00 0 
4bcf7000-4bd00000 ---p 00000000 00:00 0 
4bd00000-4bdf7000 rw-p 00000000 00:00 0 
4bdf7000-4be00000 ---p 00000000 00:00 0 
4be00000-4bef7000 rw-p 00000000 00:00 0 
4bef7000-4bf00000 ---p 00000000 00:00 0 
4bf00000-4bff7000 rw-p 00000000 00:00 0 
4bff7000-4c000000 ---p 00000000 00:00 0 
4c000000-4c0f7000 rw-p 00000000 00:00 0 
4c0f7000-4c100000 ---p 00000000 00:00 0 
4c100000-4c1f7000 rw-p 00000000 00:00 0 
4c1f7000-4c200000 ---p 00000000 00:00 0 
4c200000-4c2f7000 rw-p 00000000 00:00 0 
4c2f7000-4c300000 ---p 00000000 00:00 0 
4c300000-4c3f7000 rw-p 00000000 00:00 0 
4c3f7000-4c400000 ---p 00000000 00:00 0 
4c400000-4c4f7000 rw-p 00000000 00:00 0 
4c4f7000-4c500000 ---p 00000000 00:00 0 
4c500000-4c5f7000 rw-p 00000000 00:00 0 
4c5f7000-4c600000 ---p 00000000 00:00 0 
4c600000-4c6f7000 rw-p 00000000 00:00 0 
4c6f7000-4c700000 ---p 00000000 00:00 0 
4c700000-4c7f7000 rw-p 00000000 00:00 0 
4c7f7000-4c800000 ---p 00000000 00:00 0 
4c800000-4c8f7000 rw-p 00000000 00:00 0 
4c8f7000-4c900000 ---p 00000000 00:00 0 
4c900000-4c9f7000 rw-p 00000000 00:00 0 
4c9f7000-4ca00000 ---p 00000000 00:00 0 
4ca00000-4caf7000 rw-p 00000000 00:00 0 
4caf7000-4cb00000 ---p 00000000 00:00 0 
4cb00000-4cbf7000 rw-p 00000000 00:00 0 
4cbf7000-4cc00000 ---p 00000000 00:00 0 
4cc00000-4ccf7000 rw-p 00000000 00:00 0 
4ccf7000-4cd00000 ---p 00000000 00:00 0 
4cd00000-4cdf7000 rw-p 00000000 00:00 0 
4cdf7000-4ce00000 ---p 00000000 00:00 0 
4ce00000-4cef7000 rw-p 00000000 00:00 0 
4cef7000-4cf00000 ---p 00000000 00:00 0 
4cf00000-4cff7000 rw-p 00000000 00:00 0 
4cff7000-4d000000 ---p 00000000 00:00 0 
4d000000-4d0f7000 rw-p 00000000 00:00 0 
4d0f7000-4d100000 ---p 00000000 00:00 0 
4d100000-4d1f7000 rw-p 00000000 00:00 0 
4d1f7000-4d200000 ---p 00000000 00:00 0 
4d200000-4d2f7000 rw-p 00000000 00:00 0 
4d2f7000-4d300000 ---p 00000000 00:00 0 
4d300000-4d3f7000 rw-p 00000000 00:00 0 
4d3f7000-4d400000 ---p 00000000 00:00 0 
4d400000-4d4f7000 rw-p 00000000 00:00 0 
4d4f7000-4d500000 ---p 00000000 00:00 0 
4d500000-4d5f7000 rw-p 00000000 00:00 0 
4d5f7000-4d600000 ---p 00000000 00:00 0 
4d600000-4d6f7000 rw-p 00000000 00:00 0 
4d6f7000-4d700000 ---p 00000000 00:00 0 
4d700000-4d7f7000 rw-p 00000000 00:00 0 
4d7f7000-4d800000 ---p 00000000 00:00 0 
4d800000-4d8f7000 rw-p 00000000 00:00 0 
4d8f7000-4d900000 ---p 00000000 00:00 0 
4d900000-4d9f7000 rw-p 00000000 00:00 0 
4d9f7000-4da00000 ---p 00000000 00:00 0 
4da00000-4daf7000 rw-p 00000000 00:00 0 
4daf7000-4db00000 ---p 00000000 00:00 0 
4db00000-4dbf7000 rw-p 00000000 00:00 0 
4dbf7000-4dc00000 ---p 00000000 00:00 0 
4dc00000-4dcf7000 rw-p 00000000 00:00 0 
4dcf7000-4dd00000 ---p 00000000 00:00 0 
4dd00000-4ddf7000 rw-p 00000000 00:00 0 
4ddf7000-4de00000 ---p 00000000 00:00 0 
4de00000-4def7000 rw-p 00000000 00:00 0 
4def7000-4df00000 ---p 00000000 00:00 0 
4df00000-4dff7000 rw-p 00000000 00:00 0 
4dff7000-4e000000 ---p 00000000 00:00 0 
4e000000-4e0f7000 rw-p 00000000 00:00 0 
4e0f7000-4e100000 ---p 00000000 00:00 0 
4e100000-4e1f7000 rw-p 00000000 00:00 0 
4e1f7000-4e200000 ---p 00000000 00:00 0 
4e200000-4e2f7000 rw-p 00000000 00:00 0 
4e2f7000-4e300000 ---p 00000000 00:00 0 
4e300000-4e3f7000 rw-p 00000000 00:00 0 
4e3f7000-4e400000 ---p 00000000 00:00 0 
4e400000-4e4f7000 rw-p 00000000 00:00 0 
4e4f7000-4e500000 ---p 00000000 00:00 0 
4e500000-4e5f7000 rw-p 00000000 00:00 0 
4e5f7000-4e600000 ---p 00000000 00:00 0 
4e600000-4e6f7000 rw-p 00000000 00:00 0 
4e6f7000-4e700000 ---p 00000000 00:00 0 
4e700000-4e7f7000 rw-p 00000000 00:00 0 
4e7f7000-4e800000 ---p 00000000 00:00 0 
4e800000-4e8f7000 rw-p 00000000 00:00 0 
4e8f7000-4e900000 ---p 00000000 00:00 0 
4e900000-4e9f7000 rw-p 00000000 00:00 0 
4e9f7000-4ea00000 ---p 00000000 00:00 0 
4ea00000-4eaf7000 rw-p 00000000 00:00 0 
4eaf7000-4eb00000 ---p 00000000 00:00 0 
4eb00000-4ebf7000 rw-p 00000000 00:00 0 
4ebf7000-4ec00000 ---p 00000000 00:00 0 
4ec00000-4ecf7000 rw-p 00000000 00:00 0 
4ecf7000-4ed00000 ---p 00000000 00:00 0 
4ed00000-4edf7000 rw-p 00000000 00:00 0 
4edf7000-4ee00000 ---p 00000000 00:00 0 
4ee00000-4eef7000 rw-p 00000000 00:00 0 
4eef7000-4ef00000 ---p 00000000 00:00 0 
4ef00000-4eff7000 rw-p 00000000 00:00 0 
4eff7000-4f000000 ---p 00000000 00:00 0 
4f000000-4f0f7000 rw-p 00000000 00:00 0 
4f0f7000-4f100000 ---p 00000000 00:00 0 
4f100000-4f1f7000 rw-p 00000000 00:00 0 
4f1f7000-4f200000 ---p 00000000 00:00 0 
4f200000-4f2f7000 rw-p 00000000 00:00 0 
4f2f7000-4f300000 ---p 00000000 00:00 0 
4f300000-4f3f7000 rw-p 00000000 00:00 0 
4f3f7000-4f400000 ---p 00000000 00:00 0 
4f400000-4f4f7000 rw-p 00000000 00:00 0 
4f4f7000-4f500000 ---p 00000000 00:00 0 
4f500000-4f5f7000 rw-p 00000000 00:00 0 
4f5f7000-4f600000 ---p 00000000 00:00 0 
4f600000-4f6f7000 rw-p 00000000 00:00 0 
4f6f7000-4f700000 ---p 00000000 00:00 0 
4f700000-4f7f7000 rw-p 00000000 00:00 0 
4f7f7000-4f800000 ---p 00000000 00:00 0 
4f800000-4f8f7000 rw-p 00000000 00:00 0 
4f8f7000-4f900000 ---p 00000000 00:00 0 
4f900000-4f9f7000 rw-p 00000000 00:00 0 
4f9f7000-4fa00000 ---p 00000000 00:00 0 
4fa00000-4faf7000 rw-p 00000000 00:00 0 
4faf7000-4fb00000 ---p 00000000 00:00 0 
4fb00000-4fbf7000 rw-p 00000000 00:00 0 
4fbf7000-4fc00000 ---p 00000000 00:00 0 
4fc00000-4fcf7000 rw-p 00000000 00:00 0 
4fcf7000-4fd00000 ---p 00000000 00:00 0 
4fd00000-4fdf7000 rw-p 00000000 00:00 0 
4fdf7000-4fe00000 ---p 00000000 00:00 0 
4fe00000-4fef7000 rw-p 00000000 00:00 0 
4fef7000-4ff00000 ---p 00000000 00:00 0 
5fac0000-6f64b000 rw-p 00000000 00:00 0 
7999a000-799c2000 rwxp 00000000 00:00 0 
799c2000-7b99a000 rw-p 00000000 00:00 0 
7b99a000-7bfc2000 r-xp 00000000 08:11 528200     /usr/lib/jvm/java-7-openjdk-i386/jre/lib/i386/client/libjvm.so
7bfc2000-7bfd8000 r--p 00627000 08:11 528200     /usr/lib/jvm/java-7-openjdk-i386/jre/lib/i386/client/libjvm.so
7bfd8000-7bfe7000 rw-p 0063d000 08:11 528200     /usr/lib/jvm/java-7-openjdk-i386/jre/lib/i386/client/libjvm.so
7bfe7000-7c400000 rw-p 00000000 00:00 0 
7c400000-7c489000 rw-p 00000000 00:00 0 
7c489000-7c500000 ---p 00000000 00:00 0 
7c600000-7c6c5000 rw-p 00000000 00:00 0 
7c6c5000-7c700000 ---p 00000000 00:00 0 
7c700000-7c800000 rw-p 00000000 00:00 0 
7c800000-7c8c6000 rw-p 00000000 00:00 0 
7c8c6000-7c900000 ---p 00000000 00:00 0 
7c900000-7c9bf000 rw-p 00000000 00:00 0 
7c9bf000-7ca00000 ---p 00000000 00:00 0 
7ca00000-7cc00000 rw-p 00000000 00:00 0 
7cc00000-7ce00000 rw-p 00000000 00:00 0 
7ce00000-7d000000 rw-p 00000000 00:00 0 
7d000000-7d200000 rw-p 00000000 00:00 0 
7d200000-7d400000 rw-p 00000000 00:00 0 
7d400000-7d600000 rw-p 00000000 00:00 0 
7d600000-7d800000 rw-p 00000000 00:00 0 
7d800000-7da00000 rw-p 00000000 00:00 0 
7da00000-7dc00000 rw-p 00000000 00:00 0 
7dc00000-7de00000 rw-p 00000000 00:00 0 
7de00000-7e000000 rw-p 00000000 00:00 0 
7e000000-7e200000 rw-p 00000000 00:00 0 
7e200000-7e400000 rw-p 00000000 00:00 0 
7e400000-7e600000 rw-p 00000000 00:00 0 
7e600000-7e800000 rw-p 00000000 00:00 0 
7e800000-7ea00000 rw-p 00000000 00:00 0 
7ea00000-7ec00000 rw-p 00000000 00:00 0 
7ec00000-7ee00000 rw-p 00000000 00:00 0 
7ee00000-7f000000 rw-p 00000000 00:00 0 
7f000000-7f100000 rw-p 00000000 00:00 0 
7f1d6000-7f68a000 rw-p 00000000 00:00 0 
7f700000-7f7f7000 rw-p 00000000 00:00 0 
7f7f7000-7f800000 ---p 00000000 00:00 0 
7f800000-7f8f7000 rw-p 00000000 00:00 0 
7f8f7000-7f900000 ---p 00000000 00:00 0 
7f900000-7f9f7000 rw-p 00000000 00:00 0 
7f9f7000-7fa00000 ---p 00000000 00:00 0 
7fa00000-7faf7000 rw-p 00000000 00:00 0 
7faf7000-7fb00000 ---p 00000000 00:00 0 
7fb00000-7fbf7000 rw-p 00000000 00:00 0 
7fbf7000-7fc00000 ---p 00000000 00:00 0 
7fc00000-7fcf7000 rw-p 00000000 00:00 0 
7fcf7000-7fd00000 ---p 00000000 00:00 0 
7fd00000-7fdf7000 rw-p 00000000 00:00 0 
7fdf7000-7fe00000 ---p 00000000 00:00 0 
7fe00000-7fef7000 rw-p 00000000 00:00 0 
7fef7000-7ff00000 ---p 00000000 00:00 0 
7ff00000-7fff7000 rw-p 00000000 00:00 0 
7fff7000-80000000 ---p 00000000 00:00 0 
80000000-800f7000 rw-p 00000000 00:00 0 
800f7000-80100000 ---p 00000000 00:00 0 
80100000-801f7000 rw-p 00000000 00:00 0 
801f7000-80200000 ---p 00000000 00:00 0 
80300000-80500000 rw-p 00000000 00:00 0 
80500000-80700000 rw-p 00000000 00:00 0 
80700000-807ce000 rw-p 00000000 00:00 0 
807ce000-80800000 ---p 00000000 00:00 0 
80800000-808f7000 rw-p 00000000 00:00 0 
808f7000-80900000 ---p 00000000 00:00 0 
80900000-809f7000 rw-p 00000000 00:00 0 
809f7000-80a00000 ---p 00000000 00:00 0 
80b00000-80bf7000 rw-p 00000000 00:00 0 
80bf7000-80c00000 ---p 00000000 00:00 0 
80c17000-80cf3000 r-xp 00000000 08:11 137289     /usr/lib/i386-linux-gnu/libstdc++.so.6.0.19
80cf3000-80cf4000 ---p 000dc000 08:11 137289     /usr/lib/i386-linux-gnu/libstdc++.so.6.0.19
80cf4000-80cf8000 r--p 000dc000 08:11 137289     /usr/lib/i386-linux-gnu/libstdc++.so.6.0.19
80cf8000-80cf9000 rw-p 000e0000 08:11 137289     /usr/lib/i386-linux-gnu/libstdc++.so.6.0.19
80cf9000-80d00000 rw-p 00000000 00:00 0 
80d00000-80df7000 rw-p 00000000 00:00 0 
80df7000-80e00000 ---p 00000000 00:00 0 
80e40000-80e41000 rw-p 00000000 00:00 0 
80e41000-80ec0000 rw-p 00000000 00:00 0 
80ec0000-b01e8000 rw-p 00000000 00:00 0 
b0200000-b02f7000 rw-p 00000000 00:00 0 
b02f7000-b0300000 ---p 00000000 00:00 0 
b0300000-b03f7000 rw-p 00000000 00:00 0 
b03f7000-b0400000 ---p 00000000 00:00 0 
b0400000-b04f7000 rw-p 00000000 00:00 0 
b04f7000-b0500000 ---p 00000000 00:00 0 
b0500000-b05f7000 rw-p 00000000 00:00 0 
b05f7000-b0600000 ---p 00000000 00:00 0 
b0600000-b06f7000 rw-p 00000000 00:00 0 
b06f7000-b0700000 ---p 00000000 00:00 0 
b0700000-b07ce000 rw-p 00000000 00:00 0 
b07ce000-b0800000 ---p 00000000 00:00 0 
b0800000-b08ce000 rw-p 00000000 00:00 0 
b08ce000-b0900000 ---p 00000000 00:00 0 
b0900000-b09f7000 rw-p 00000000 00:00 0 
b09f7000-b0a00000 ---p 00000000 00:00 0 
b0a00000-b0af7000 rw-p 00000000 00:00 0 
b0af7000-b0b00000 ---p 00000000 00:00 0 
b0b00000-b0bf7000 rw-p 00000000 00:00 0 
b0bf7000-b0c00000 ---p 00000000 00:00 0 
b0c00000-b0cf7000 rw-p 00000000 00:00 0 
b0cf7000-b0d00000 ---p 00000000 00:00 0 
b0d00000-b0df7000 rw-p 00000000 00:00 0 
b0df7000-b0e00000 ---p 00000000 00:00 0 
b0e00000-b0ece000 rw-p 00000000 00:00 0 
b0ece000-b0f00000 ---p 00000000 00:00 0 
b0f00000-b0ff7000 rw-p 00000000 00:00 0 
b0ff7000-b1000000 ---p 00000000 00:00 0 
b1000000-b10d7000 rw-p 00000000 00:00 0 
b10d7000-b1100000 ---p 00000000 00:00 0 
b1100000-b11f7000 rw-p 00000000 00:00 0 
b11f7000-b1200000 ---p 00000000 00:00 0 
b1200000-b12f9000 rw-p 00000000 00:00 0 
b12f9000-b1300000 ---p 00000000 00:00 0 
b1338000-b1667000 rw-p 00000000 00:00 0 
b1669000-b17c7000 rw-p 00000000 00:00 0 
b17c7000-b17e2000 r-xp 00000000 08:11 5636413    /home/michael/R/i686-pc-linux-gnu-library/3.1/party/libs/party.so
b17e2000-b17e3000 r--p 0001a000 08:11 5636413    /home/michael/R/i686-pc-linux-gnu-library/3.1/party/libs/party.so
b17e3000-b17e4000 rw-p 0001b000 08:11 5636413    /home/michael/R/i686-pc-linux-gnu-library/3.1/party/libs/party.so
b17e4000-b1bed000 rw-p 00000000 00:00 0 
b1bed000-b1bfc000 r-xp 00000000 08:11 5636146    /home/michael/R/i686-pc-linux-gnu-library/3.1/mvtnorm/libs/mvtnorm.so
b1bfc000-b1bfd000 r--p 0000e000 08:11 5636146    /home/michael/R/i686-pc-linux-gnu-library/3.1/mvtnorm/libs/mvtnorm.so
b1bfd000-b1bfe000 rw-p 0000f000 08:11 5636146    /home/michael/R/i686-pc-linux-gnu-library/3.1/mvtnorm/libs/mvtnorm.so
b1bfe000-b226f000 rw-p 00000000 00:00 0 
b226f000-b2281000 r--p 00000000 08:11 1183522    /usr/share/fonts/type1/gsfonts/n019004l.pfb
b2281000-b2295000 r--p 00000000 08:11 1183519    /usr/share/fonts/type1/gsfonts/n019003l.pfb
b2295000-b2296000 r--s 00000000 08:11 2493155    /var/cache/fontconfig/c05880de57d1f5e948fdfacc138775d9-le32d4.cache-4
b2296000-b229e000 r--s 00000000 08:11 2493149    /var/cache/fontconfig/945677eb7aeaf62f1d50efc3fb3ec7d8-le32d4.cache-4
b229e000-b22a2000 r--s 00000000 08:11 2493135    /var/cache/fontconfig/2cd17615ca594fa2959ae173292e504c-le32d4.cache-4
b22a2000-b22a3000 r--s 00000000 08:11 2493165    /var/cache/fontconfig/e7071f4a29fa870f4323321c154eba04-le32d4.cache-4
b22a3000-b22a4000 r--s 00000000 08:11 2493132    /var/cache/fontconfig/0d8c3b2ac0904cb8a57a757ad11a4a08-le32d4.cache-4
b22a4000-b22a9000 r--s 00000000 08:11 2493152    /var/cache/fontconfig/a755afe4a08bf5b97852ceb7400b47bc-le32d4.cache-4
b22a9000-b22b8000 r--s 00000000 08:11 2493130    /var/cache/fontconfig/04aabc0a78ac019cf9454389977116d2-le32d4.cache-4
b22b8000-b22b9000 r--s 00000000 08:11 2493134    /var/cache/fontconfig/1ac9eb803944fde146138c791f5cc56a-le32d4.cache-4
b22b9000-b22bc000 r--s 00000000 08:11 2493138    /var/cache/fontconfig/385c0604a188198f04d133e54aba7fe7-le32d4.cache-4
b22bc000-b22c0000 r--s 00000000 08:11 2493148    /var/cache/fontconfig/8801497958630a81b71ace7c5f9b32a8-le32d4.cache-4
b22c0000-b22ef000 r--s 00000000 08:11 2493347    /var/cache/fontconfig/365b55f210c0a22e9a19e35191240f32-le32d4.cache-4
b22ef000-b22ff000 r--s 00000000 08:11 2493159    /var/cache/fontconfig/d52a8644073d54c13679302ca1180695-le32d4.cache-4
b2373000-b239a000 r-xp 00000000 08:11 401078     /usr/lib/jvm/java-7-openjdk-i386/jre/lib/i386/libjava.so
b239a000-b239b000 r--p 00026000 08:11 401078     /usr/lib/jvm/java-7-openjdk-i386/jre/lib/i386/libjava.so
b239b000-b239c000 rw-p 00027000 08:11 401078     /usr/lib/jvm/java-7-openjdk-i386/jre/lib/i386/libjava.so
b239c000-b23aa000 r-xp 00000000 08:11 401109     /usr/lib/jvm/java-7-openjdk-i386/jre/lib/i386/libverify.so
b23aa000-b23ab000 r--p 0000d000 08:11 401109     /usr/lib/jvm/java-7-openjdk-i386/jre/lib/i386/libverify.so
b23ab000-b23ac000 rw-p 0000e000 08:11 401109     /usr/lib/jvm/java-7-openjdk-i386/jre/lib/i386/libverify.so
b23ac000-b23bf000 r-xp 00000000 08:11 2364043    /lib/i386-linux-gnu/libresolv-2.19.so
b23bf000-b23c0000 ---p 00013000 08:11 2364043    /lib/i386-linux-gnu/libresolv-2.19.so
b23c0000-b23c1000 r--p 00013000 08:11 2364043    /lib/i386-linux-gnu/libresolv-2.19.so
b23c1000-b23c2000 rw-p 00014000 08:11 2364043    /lib/i386-linux-gnu/libresolv-2.19.so
b23c2000-b23c4000 rw-p 00000000 00:00 0 
b23c4000-b23de000 r-xp 00000000 08:11 136814     /usr/lib/i386-linux-gnu/libgraphite2.so.3.0.1
b23de000-b23df000 r--p 00019000 08:11 136814     /usr/lib/i386-linux-gnu/libgraphite2.so.3.0.1
b23df000-b23e0000 rw-p 0001a000 08:11 136814     /usr/lib/i386-linux-gnu/libgraphite2.so.3.0.1
b23e0000-b23e5000 r-xp 00000000 08:11 136396     /usr/lib/i386-linux-gnu/libXdmcp.so.6.0.0
b23e5000-b23e6000 r--p 00004000 08:11 136396     /usr/lib/i386-linux-gnu/libXdmcp.so.6.0.0
b23e6000-b23e7000 rw-p 00005000 08:11 136396     /usr/lib/i386-linux-gnu/libXdmcp.so.6.0.0
b23e7000-b23e9000 r-xp 00000000 08:11 136385     /usr/lib/i386-linux-gnu/libXau.so.6.0.0
b23e9000-b23ea000 r--p 00001000 08:11 136385     /usr/lib/i386-linux-gnu/libXau.so.6.0.0
b23ea000-b23eb000 rw-p 00002000 08:11 136385     /usr/lib/i386-linux-gnu/libXau.so.6.0.0
b23eb000-b23f2000 r-xp 00000000 08:11 136588     /usr/lib/i386-linux-gnu/libdatrie.so.1.3.1
b23f2000-b23f3000 r--p 00006000 08:11 136588     /usr/lib/i386-linux-gnu/libdatrie.so.1.3.1
b23f3000-b23f4000 rw-p 00007000 08:11 136588     /usr/lib/i386-linux-gnu/libdatrie.so.1.3.1
b23f4000-b2419000 r-xp 00000000 08:11 2360331    /lib/i386-linux-gnu/libexpat.so.1.6.0
b2419000-b241a000 ---p 00025000 08:11 2360331    /lib/i386-linux-gnu/libexpat.so.1.6.0
b241a000-b241c000 r--p 00025000 08:11 2360331    /lib/i386-linux-gnu/libexpat.so.1.6.0
b241c000-b241d000 rw-p 00027000 08:11 2360331    /lib/i386-linux-gnu/libexpat.so.1.6.0
b241d000-b2471000 r-xp 00000000 08:11 133596     /usr/lib/i386-linux-gnu/libharfbuzz.so.0.927.0
b2471000-b2472000 r--p 00054000 08:11 133596     /usr/lib/i386-linux-gnu/libharfbuzz.so.0.927.0
b2472000-b2473000 rw-p 00055000 08:11 133596     /usr/lib/i386-linux-gnu/libharfbuzz.so.0.927.0
b2473000-b247d000 r-xp 00000000 08:11 136983     /usr/lib/i386-linux-gnu/libjbig.so.0
b247d000-b247e000 ---p 0000a000 08:11 136983     /usr/lib/i386-linux-gnu/libjbig.so.0
b247e000-b247f000 r--p 0000a000 08:11 136983     /usr/lib/i386-linux-gnu/libjbig.so.0
b247f000-b2482000 rw-p 0000b000 08:11 136983     /usr/lib/i386-linux-gnu/libjbig.so.0
b2482000-b2493000 r-xp 00000000 08:11 136398     /usr/lib/i386-linux-gnu/libXext.so.6.4.0
b2493000-b2494000 r--p 00010000 08:11 136398     /usr/lib/i386-linux-gnu/libXext.so.6.4.0
b2494000-b2495000 rw-p 00011000 08:11 136398     /usr/lib/i386-linux-gnu/libXext.so.6.4.0
b2495000-b25c5000 r-xp 00000000 08:11 136381     /usr/lib/i386-linux-gnu/libX11.so.6.3.0
b25c5000-b25c6000 r--p 00130000 08:11 136381     /usr/lib/i386-linux-gnu/libX11.so.6.3.0
b25c6000-b25c8000 rw-p 00131000 08:11 136381     /usr/lib/i386-linux-gnu/libX11.so.6.3.0
b25c8000-b25c9000 rw-p 00000000 00:00 0 
b25c9000-b25d2000 r-xp 00000000 08:11 136420     /usr/lib/i386-linux-gnu/libXrender.so.1.3.0
b25d2000-b25d3000 r--p 00008000 08:11 136420     /usr/lib/i386-linux-gnu/libXrender.so.1.3.0
b25d3000-b25d4000 rw-p 00009000 08:11 136420     /usr/lib/i386-linux-gnu/libXrender.so.1.3.0
b25d4000-b25f4000 r-xp 00000000 08:11 137451     /usr/lib/i386-linux-gnu/libxcb.so.1.1.0
b25f4000-b25f5000 r--p 0001f000 08:11 137451     /usr/lib/i386-linux-gnu/libxcb.so.1.1.0
b25f5000-b25f6000 rw-p 00020000 08:11 137451     /usr/lib/i386-linux-gnu/libxcb.so.1.1.0
b25f6000-b25fe000 r-xp 00000000 08:11 137437     /usr/lib/i386-linux-gnu/libxcb-render.so.0.0.0
b25fe000-b25ff000 r--p 00008000 08:11 137437     /usr/lib/i386-linux-gnu/libxcb-render.so.0.0.0
b25ff000-b2600000 rw-p 00009000 08:11 137437     /usr/lib/i386-linux-gnu/libxcb-render.so.0.0.0
b2600000-b2602000 r-xp 00000000 08:11 137441     /usr/lib/i386-linux-gnu/libxcb-shm.so.0.0.0
b2602000-b2603000 r--p 00001000 08:11 137441     /usr/lib/i386-linux-gnu/libxcb-shm.so.0.0.0
b2603000-b2604000 rw-p 00002000 08:11 137441     /usr/lib/i386-linux-gnu/libxcb-shm.so.0.0.0
b2604000-b26a8000 r-xp 00000000 08:11 137143     /usr/lib/i386-linux-gnu/libpixman-1.so.0.30.2
b26a8000-b26ad000 r--p 000a4000 08:11 137143     /usr/lib/i386-linux-gnu/libpixman-1.so.0.30.2
b26ad000-b26ae000 rw-p 000a9000 08:11 137143     /usr/lib/i386-linux-gnu/libpixman-1.so.0.30.2
b26ae000-b26b3000 r-xp 00000000 08:11 136663     /usr/lib/i386-linux-gnu/libffi.so.6.0.1
b26b3000-b26b4000 r--p 00005000 08:11 136663     /usr/lib/i386-linux-gnu/libffi.so.6.0.1
b26b4000-b26b5000 rw-p 00006000 08:11 136663     /usr/lib/i386-linux-gnu/libffi.so.6.0.1
b26b5000-b26bd000 r-xp 00000000 08:11 137311     /usr/lib/i386-linux-gnu/libthai.so.0.2.0
b26bd000-b26be000 r--p 00007000 08:11 137311     /usr/lib/i386-linux-gnu/libthai.so.0.2.0
b26be000-b26bf000 rw-p 00008000 08:11 137311     /usr/lib/i386-linux-gnu/libthai.so.0.2.0
b26bf000-b2759000 r-xp 00000000 08:11 136705     /usr/lib/i386-linux-gnu/libfreetype.so.6.11.1
b2759000-b275a000 ---p 0009a000 08:11 136705     /usr/lib/i386-linux-gnu/libfreetype.so.6.11.1
b275a000-b275e000 r--p 0009a000 08:11 136705     /usr/lib/i386-linux-gnu/libfreetype.so.6.11.1
b275e000-b275f000 rw-p 0009e000 08:11 136705     /usr/lib/i386-linux-gnu/libfreetype.so.6.11.1
b275f000-b2798000 r-xp 00000000 08:11 136677     /usr/lib/i386-linux-gnu/libfontconfig.so.1.8.0
b2798000-b2799000 r--p 00039000 08:11 136677     /usr/lib/i386-linux-gnu/libfontconfig.so.1.8.0
b2799000-b279a000 rw-p 0003a000 08:11 136677     /usr/lib/i386-linux-gnu/libfontconfig.so.1.8.0
b279a000-b28a4000 r-xp 00000000 08:11 2360340    /lib/i386-linux-gnu/libglib-2.0.so.0.4000.0
b28a4000-b28a5000 r--p 00109000 08:11 2360340    /lib/i386-linux-gnu/libglib-2.0.so.0.4000.0
b28a5000-b28a6000 rw-p 0010a000 08:11 2360340    /lib/i386-linux-gnu/libglib-2.0.so.0.4000.0
b28a6000-b29c5000 r-xp 00000000 08:11 136516     /usr/lib/i386-linux-gnu/libcairo.so.2.11301.0
b29c5000-b29c7000 r--p 0011e000 08:11 136516     /usr/lib/i386-linux-gnu/libcairo.so.2.11301.0
b29c7000-b29c8000 rw-p 00120000 08:11 136516     /usr/lib/i386-linux-gnu/libcairo.so.2.11301.0
b29c8000-b2b00000 rw-p 00000000 00:00 0 
b2b00000-b2b21000 rw-p 00000000 00:00 0 
b2b21000-b2c00000 ---p 00000000 00:00 0 
b2c00000-b2c02000 r--s 00000000 08:11 2493146    /var/cache/fontconfig/767a8244fc0220cfb567a839d0392e0b-le32d4.cache-4
b2c02000-b2c16000 r-xp 00000000 08:11 137124     /usr/lib/i386-linux-gnu/libpangoft2-1.0.so.0.3600.3
b2c16000-b2c17000 r--p 00013000 08:11 137124     /usr/lib/i386-linux-gnu/libpangoft2-1.0.so.0.3600.3
b2c17000-b2c18000 rw-p 00014000 08:11 137124     /usr/lib/i386-linux-gnu/libpangoft2-1.0.so.0.3600.3
b2c18000-b2c1d000 r--s 00000000 08:11 2493136    /var/cache/fontconfig/3047814df9a2f067bd2d96a2b9c36e5a-le32d4.cache-4
b2c1d000-b2c21000 r--s 00000000 08:11 2493153    /var/cache/fontconfig/b47c4e1ecd0709278f4910c18777a504-le32d4.cache-4
b2c21000-b2c28000 r--s 00000000 08:11 2493139    /var/cache/fontconfig/3f7329c5293ffd510edef78f73874cfd-le32d4.cache-4
b2c28000-b2c31000 r--s 00000000 08:11 2493284    /var/cache/fontconfig/d589a48862398ed80a3d6066f4f56f4c-le32d4.cache-4
b2c31000-b2c7a000 r-xp 00000000 08:11 136985     /usr/lib/i386-linux-gnu/libjpeg.so.8.0.2
b2c7a000-b2c7b000 r--p 00048000 08:11 136985     /usr/lib/i386-linux-gnu/libjpeg.so.8.0.2
b2c7b000-b2c7c000 rw-p 00049000 08:11 136985     /usr/lib/i386-linux-gnu/libjpeg.so.8.0.2
b2c7c000-b2c8c000 rw-p 00000000 00:00 0 
b2c8c000-b2cfb000 r-xp 00000000 08:11 137324     /usr/lib/i386-linux-gnu/libtiff.so.5.2.0
b2cfb000-b2cfc000 r--p 0006e000 08:11 137324     /usr/lib/i386-linux-gnu/libtiff.so.5.2.0
b2cfc000-b2cfe000 rw-p 0006f000 08:11 137324     /usr/lib/i386-linux-gnu/libtiff.so.5.2.0
b2cfe000-b2cff000 rw-p 00000000 00:00 0 
b2cff000-b2d00000 ---p 00000000 00:00 0 
b2d00000-b3500000 rwxp 00000000 00:00 0          [stack:4749]
b3500000-b3579000 rw-p 00000000 00:00 0 
b3579000-b3600000 ---p 00000000 00:00 0 
b3600000-b3601000 r--s 00000000 08:11 2493162    /var/cache/fontconfig/dc05db6664285cc2f12bf69c139ae4c3-le32d4.cache-4
b3601000-b3602000 r--s 00000000 08:11 2493784    /var/cache/fontconfig/4794a0821666d79190d59a36cb4f44b5-le32d4.cache-4
b3602000-b3605000 r-xp 00000000 08:11 136780     /usr/lib/i386-linux-gnu/libgmodule-2.0.so.0.4000.0
b3605000-b3606000 r--p 00002000 08:11 136780     /usr/lib/i386-linux-gnu/libgmodule-2.0.so.0.4000.0
b3606000-b3607000 rw-p 00003000 08:11 136780     /usr/lib/i386-linux-gnu/libgmodule-2.0.so.0.4000.0
b3607000-b362d000 r-xp 00000000 08:11 2360424    /lib/i386-linux-gnu/libpng12.so.0.50.0
b362d000-b362e000 r--p 00025000 08:11 2360424    /lib/i386-linux-gnu/libpng12.so.0.50.0
b362e000-b362f000 rw-p 00026000 08:11 2360424    /lib/i386-linux-gnu/libpng12.so.0.50.0
b362f000-b367f000 r-xp 00000000 08:11 136796     /usr/lib/i386-linux-gnu/libgobject-2.0.so.0.4000.0
b367f000-b3680000 r--p 0004f000 08:11 136796     /usr/lib/i386-linux-gnu/libgobject-2.0.so.0.4000.0
b3680000-b3681000 rw-p 00050000 08:11 136796     /usr/lib/i386-linux-gnu/libgobject-2.0.so.0.4000.0
b3681000-b36cb000 r-xp 00000000 08:11 137120     /usr/lib/i386-linux-gnu/libpango-1.0.so.0.3600.3
b36cb000-b36cc000 ---p 0004a000 08:11 137120     /usr/lib/i386-linux-gnu/libpango-1.0.so.0.3600.3
b36cc000-b36cd000 r--p 0004a000 08:11 137120     /usr/lib/i386-linux-gnu/libpango-1.0.so.0.3600.3
b36cd000-b36ce000 rw-p 0004b000 08:11 137120     /usr/lib/i386-linux-gnu/libpango-1.0.so.0.3600.3
b36ce000-b36dd000 r-xp 00000000 08:11 3934780    /usr/lib/R/modules/internet.so
b36dd000-b36de000 r--p 0000e000 08:11 3934780    /usr/lib/R/modules/internet.so
b36de000-b36df000 rw-p 0000f000 08:11 3934780    /usr/lib/R/modules/internet.so
b36df000-b36ef000 rw-p 00000000 00:00 0 
b36ef000-b36f0000 ---p 00000000 00:00 0 
b36f0000-b3ef0000 rwxp 00000000 00:00 0          [stack:4748]
b3ef0000-b4454000 r-xp 00000000 08:11 268575     /usr/lib/lapack/liblapack.so.3.0
b4454000-b4455000 r--p 00563000 08:11 268575     /usr/lib/lapack/liblapack.so.3.0
b4455000-b4458000 rw-p 00564000 08:11 268575     /usr/lib/lapack/liblapack.so.3.0
b4458000-b4589000 rw-p 00000000 00:00 0 
b458a000-b458f000 r-xp 00000000 08:11 5636325    /home/michael/R/i686-pc-linux-gnu-library/3.1/coin/libs/coin.so
b458f000-b4590000 r--p 00004000 08:11 5636325    /home/michael/R/i686-pc-linux-gnu-library/3.1/coin/libs/coin.so
b4590000-b4591000 rw-p 00005000 08:11 5636325    /home/michael/R/i686-pc-linux-gnu-library/3.1/coin/libs/coin.so
b4591000-b45ad000 r-xp 00000000 08:11 4325574    /usr/lib/R/library/survival/libs/survival.so
b45ad000-b45ae000 r--p 0001b000 08:11 4325574    /usr/lib/R/library/survival/libs/survival.so
b45ae000-b45af000 rw-p 0001c000 08:11 4325574    /usr/lib/R/library/survival/libs/survival.so
b45af000-b45b1000 r-xp 00000000 08:11 4197515    /usr/lib/R/library/splines/libs/splines.so
b45b1000-b45b2000 r--p 00001000 08:11 4197515    /usr/lib/R/library/splines/libs/splines.so
b45b2000-b45b3000 rw-p 00002000 08:11 4197515    /usr/lib/R/library/splines/libs/splines.so
b45b3000-b45b6000 r-xp 00000000 08:11 5636210    /home/michael/R/i686-pc-linux-gnu-library/3.1/zoo/libs/zoo.so
b45b6000-b45b7000 r--p 00002000 08:11 5636210    /home/michael/R/i686-pc-linux-gnu-library/3.1/zoo/libs/zoo.so
b45b7000-b45b8000 rw-p 00003000 08:11 5636210    /home/michael/R/i686-pc-linux-gnu-library/3.1/zoo/libs/zoo.so
b45b8000-b45bb000 r-xp 00000000 08:11 4195538    /usr/lib/R/library/lattice/libs/lattice.so
b45bb000-b45bc000 r--p 00002000 08:11 4195538    /usr/lib/R/library/lattice/libs/lattice.so
b45bc000-b45bd000 rw-p 00003000 08:11 4195538    /usr/lib/R/library/lattice/libs/lattice.so
b45bd000-b45dd000 r-xp 00000000 08:11 4197395    /usr/lib/R/library/grid/libs/grid.so
b45dd000-b45de000 r--p 0001f000 08:11 4197395    /usr/lib/R/library/grid/libs/grid.so
b45de000-b45df000 rw-p 00020000 08:11 4197395    /usr/lib/R/library/grid/libs/grid.so
b45df000-b45e9000 r-xp 00000000 08:11 5636164    /home/michael/R/i686-pc-linux-gnu-library/3.1/randomForest/libs/randomForest.so
b45e9000-b45ea000 r--p 00009000 08:11 5636164    /home/michael/R/i686-pc-linux-gnu-library/3.1/randomForest/libs/randomForest.so
b45ea000-b45eb000 rw-p 0000a000 08:11 5636164    /home/michael/R/i686-pc-linux-gnu-library/3.1/randomForest/libs/randomForest.so
b45ed000-b45f5000 r-xp 00000000 08:11 401082     /usr/lib/jvm/java-7-openjdk-i386/jre/lib/i386/libzip.so
b45f5000-b45f6000 r--p 00007000 08:11 401082     /usr/lib/jvm/java-7-openjdk-i386/jre/lib/i386/libzip.so
b45f6000-b45f7000 rw-p 00008000 08:11 401082     /usr/lib/jvm/java-7-openjdk-i386/jre/lib/i386/libzip.so
b45f7000-b45fc000 r-xp 00000000 08:11 2364049    /lib/i386-linux-gnu/libnss_dns-2.19.so
b45fc000-b45fd000 r--p 00004000 08:11 2364049    /lib/i386-linux-gnu/libnss_dns-2.19.so
b45fd000-b45fe000 rw-p 00005000 08:11 2364049    /lib/i386-linux-gnu/libnss_dns-2.19.so
b45fe000-b4600000 r-xp 00000000 08:11 2360390    /lib/i386-linux-gnu/libnss_mdns4_minimal.so.2
b4600000-b4601000 r--p 00001000 08:11 2360390    /lib/i386-linux-gnu/libnss_mdns4_minimal.so.2
b4601000-b4602000 rw-p 00002000 08:11 2360390    /lib/i386-linux-gnu/libnss_mdns4_minimal.so.2
b4603000-b460b000 rw-s 00000000 08:11 13241556   /tmp/hsperfdata_michael/4742 (deleted)
b460b000-b4619000 r-xp 00000000 08:11 6553609    /home/michael/R/i686-pc-linux-gnu-library/3.1/rJava/libs/rJava.so
b4619000-b461a000 r--p 0000d000 08:11 6553609    /home/michael/R/i686-pc-linux-gnu-library/3.1/rJava/libs/rJava.so
b461a000-b461b000 rw-p 0000e000 08:11 6553609    /home/michael/R/i686-pc-linux-gnu-library/3.1/rJava/libs/rJava.so
b461b000-b46af000 rw-p 00000000 00:00 0 
b46af000-b46b0000 r--p 00000000 00:00 0 
b46b0000-b46c1000 r--p 00000000 08:11 1183525    /usr/share/fonts/type1/gsfonts/n019023l.pfb
b46c1000-b46cc000 r-xp 00000000 08:11 137122     /usr/lib/i386-linux-gnu/libpangocairo-1.0.so.0.3600.3
b46cc000-b46cd000 r--p 0000a000 08:11 137122     /usr/lib/i386-linux-gnu/libpangocairo-1.0.so.0.3600.3
b46cd000-b46ce000 rw-p 0000b000 08:11 137122     /usr/lib/i386-linux-gnu/libpangocairo-1.0.so.0.3600.3
b46ce000-b46da000 r-xp 00000000 08:11 4325539    /usr/lib/R/library/rpart/libs/rpart.so
b46da000-b46db000 r--p 0000b000 08:11 4325539    /usr/lib/R/library/rpart/libs/rpart.so
b46db000-b46dc000 rw-p 0000c000 08:11 4325539    /usr/lib/R/library/rpart/libs/rpart.so
b46dc000-b46ee000 r-xp 00000000 08:11 4197616    /usr/lib/R/library/tools/libs/tools.so
b46ee000-b46ef000 r--p 00012000 08:11 4197616    /usr/lib/R/library/tools/libs/tools.so
b46ef000-b46f0000 rw-p 00013000 08:11 4197616    /usr/lib/R/library/tools/libs/tools.so
b46f0000-b4785000 r-xp 00000000 08:11 4197555    /usr/lib/R/library/stats/libs/stats.so
b4785000-b4786000 r--p 00095000 08:11 4197555    /usr/lib/R/library/stats/libs/stats.so
b4786000-b4787000 rw-p 00096000 08:11 4197555    /usr/lib/R/library/stats/libs/stats.so
b4787000-b47c2000 r-xp 00000000 08:11 4067768    /usr/lib/R/library/graphics/libs/graphics.so
b47c2000-b47c3000 r--p 0003a000 08:11 4067768    /usr/lib/R/library/graphics/libs/graphics.so
b47c3000-b47c4000 rw-p 0003b000 08:11 4067768    /usr/lib/R/library/graphics/libs/graphics.so
b47c4000-b47f3000 r-xp 00000000 08:11 4197267    /usr/lib/R/library/grDevices/libs/grDevices.so
b47f3000-b47f6000 r--p 0002e000 08:11 4197267    /usr/lib/R/library/grDevices/libs/grDevices.so
b47f6000-b47f8000 rw-p 00031000 08:11 4197267    /usr/lib/R/library/grDevices/libs/grDevices.so
b47f8000-b49ce000 rw-p 00000000 00:00 0 
b49ce000-b49d9000 r-xp 00000000 08:11 2364039    /lib/i386-linux-gnu/libnss_files-2.19.so
b49d9000-b49da000 r--p 0000a000 08:11 2364039    /lib/i386-linux-gnu/libnss_files-2.19.so
b49da000-b49db000 rw-p 0000b000 08:11 2364039    /lib/i386-linux-gnu/libnss_files-2.19.so
b49db000-b49f0000 r-xp 00000000 08:11 2364045    /lib/i386-linux-gnu/libnsl-2.19.so
b49f0000-b49f1000 r--p 00015000 08:11 2364045    /lib/i386-linux-gnu/libnsl-2.19.so
b49f1000-b49f2000 rw-p 00016000 08:11 2364045    /lib/i386-linux-gnu/libnsl-2.19.so
b49f2000-b49f4000 rw-p 00000000 00:00 0 
b49f4000-b49f5000 r--s 00000000 08:11 2493142    /var/cache/fontconfig/56cf4f4769d0f4abc89a4895d7bd3ae1-le32d4.cache-4
b49f5000-b49f6000 r--s 00000000 08:11 2493154    /var/cache/fontconfig/b9d506c9ac06c20b433354fa67a72993-le32d4.cache-4
b49f6000-b49f7000 r--s 00000000 08:11 2493131    /var/cache/fontconfig/0c9eb80ebd1c36541ebe2852d3bb0c49-le32d4.cache-4
b49f7000-b49ff000 r-xp 00000000 08:11 4197268    /usr/lib/R/library/grDevices/libs/cairo.so
b49ff000-b4a00000 r--p 00007000 08:11 4197268    /usr/lib/R/library/grDevices/libs/cairo.so
b4a00000-b4a01000 rw-p 00008000 08:11 4197268    /usr/lib/R/library/grDevices/libs/cairo.so
b4a01000-b4a0a000 r-xp 00000000 08:11 4197592    /usr/lib/R/library/utils/libs/utils.so
b4a0a000-b4a0b000 r--p 00008000 08:11 4197592    /usr/lib/R/library/utils/libs/utils.so
b4a0b000-b4a0c000 rw-p 00009000 08:11 4197592    /usr/lib/R/library/utils/libs/utils.so
b4a0c000-b4aff000 rw-p 00000000 00:00 0 
b4aff000-b4b00000 ---p 00000000 00:00 0 
b4b00000-b5300000 rwxp 00000000 00:00 0          [stack:4747]
b5300000-b5321000 rw-p 00000000 00:00 0 
b5321000-b5400000 ---p 00000000 00:00 0 
b5400000-b5421000 rw-p 00000000 00:00 0 
b5421000-b5500000 ---p 00000000 00:00 0 
b5500000-b5521000 rw-p 00000000 00:00 0 
b5521000-b5600000 ---p 00000000 00:00 0 
b5600000-b5602000 r--s 00000000 08:11 2492492    /var/cache/fontconfig/e13b20fdb08344e0e664864cc2ede53d-le32d4.cache-4
b5602000-b5609000 r-xp 00000000 08:11 4197532    /usr/lib/R/library/methods/libs/methods.so
b5609000-b560a000 r--p 00006000 08:11 4197532    /usr/lib/R/library/methods/libs/methods.so
b560a000-b560b000 rw-p 00007000 08:11 4197532    /usr/lib/R/library/methods/libs/methods.so
b560b000-b5615000 r-xp 00000000 08:11 2364048    /lib/i386-linux-gnu/libnss_nis-2.19.so
b5615000-b5616000 r--p 00009000 08:11 2364048    /lib/i386-linux-gnu/libnss_nis-2.19.so
b5616000-b5617000 rw-p 0000a000 08:11 2364048    /lib/i386-linux-gnu/libnss_nis-2.19.so
b5617000-b56ab000 rw-p 00000000 00:00 0 
b56ab000-b56ac000 ---p 00000000 00:00 0 
b56ac000-b5eac000 rwxp 00000000 00:00 0          [stack:4746]
b5eac000-b5ead000 ---p 00000000 00:00 0 
b5ead000-b66ad000 rwxp 00000000 00:00 0          [stack:4745]
b66ad000-b68ad000 r--p 00000000 08:11 139437     /usr/lib/locale/locale-archive
b68ad000-b68af000 rw-p 00000000 00:00 0 
b68af000-b6928000 r-xp 00000000 08:11 137191     /usr/lib/i386-linux-gnu/libquadmath.so.0.0.0
b6928000-b6929000 r--p 00078000 08:11 137191     /usr/lib/i386-linux-gnu/libquadmath.so.0.0.0
b6929000-b692a000 rw-p 00079000 08:11 137191     /usr/lib/i386-linux-gnu/libquadmath.so.0.0.0
b692a000-b6948000 r-xp 00000000 08:11 2360455    /lib/i386-linux-gnu/libtinfo.so.5.9
b6948000-b6949000 ---p 0001e000 08:11 2360455    /lib/i386-linux-gnu/libtinfo.so.5.9
b6949000-b694b000 r--p 0001e000 08:11 2360455    /lib/i386-linux-gnu/libtinfo.so.5.9
b694b000-b694c000 rw-p 00020000 08:11 2360455    /lib/i386-linux-gnu/libtinfo.so.5.9
b694c000-b694d000 rw-p 00000000 00:00 0 
b694d000-b6969000 r-xp 00000000 08:11 2360430    /lib/i386-linux-gnu/libgcc_s.so.1
b6969000-b696a000 rw-p 0001b000 08:11 2360430    /lib/i386-linux-gnu/libgcc_s.so.1
b696a000-b6a65000 r-xp 00000000 08:11 137992     /usr/lib/i386-linux-gnu/libgfortran.so.3.0.0
b6a65000-b6a66000 r--p 000fa000 08:11 137992     /usr/lib/i386-linux-gnu/libgfortran.so.3.0.0
b6a66000-b6a67000 rw-p 000fb000 08:11 137992     /usr/lib/i386-linux-gnu/libgfortran.so.3.0.0
b6a67000-b6a76000 r-xp 00000000 08:11 136798     /usr/lib/i386-linux-gnu/libgomp.so.1.0.0
b6a76000-b6a77000 r--p 0000e000 08:11 136798     /usr/lib/i386-linux-gnu/libgomp.so.1.0.0
b6a77000-b6a78000 rw-p 0000f000 08:11 136798     /usr/lib/i386-linux-gnu/libgomp.so.1.0.0
b6a78000-b6a7b000 r-xp 00000000 08:11 2364061    /lib/i386-linux-gnu/libdl-2.19.so
b6a7b000-b6a7c000 r--p 00002000 08:11 2364061    /lib/i386-linux-gnu/libdl-2.19.so
b6a7c000-b6a7d000 rw-p 00003000 08:11 2364061    /lib/i386-linux-gnu/libdl-2.19.so
b6a7d000-b6a8d000 r-xp 00000000 08:11 2360308    /lib/i386-linux-gnu/libbz2.so.1.0.4
b6a8d000-b6a8e000 r--p 0000f000 08:11 2360308    /lib/i386-linux-gnu/libbz2.so.1.0.4
b6a8e000-b6a8f000 rw-p 00010000 08:11 2360308    /lib/i386-linux-gnu/libbz2.so.1.0.4
b6a8f000-b6a90000 rw-p 00000000 00:00 0 
b6a90000-b6ab4000 r-xp 00000000 08:11 2360356    /lib/i386-linux-gnu/liblzma.so.5.0.0
b6ab4000-b6ab5000 r--p 00023000 08:11 2360356    /lib/i386-linux-gnu/liblzma.so.5.0.0
b6ab5000-b6ab6000 rw-p 00024000 08:11 2360356    /lib/i386-linux-gnu/liblzma.so.5.0.0
b6ab6000-b6af2000 r-xp 00000000 08:11 2360412    /lib/i386-linux-gnu/libpcre.so.3.13.1
b6af2000-b6af3000 r--p 0003b000 08:11 2360412    /lib/i386-linux-gnu/libpcre.so.3.13.1
b6af3000-b6af4000 rw-p 0003c000 08:11 2360412    /lib/i386-linux-gnu/libpcre.so.3.13.1
b6af4000-b6b2d000 r-xp 00000000 08:11 2360434    /lib/i386-linux-gnu/libreadline.so.6.3
b6b2d000-b6b2e000 r--p 00038000 08:11 2360434    /lib/i386-linux-gnu/libreadline.so.6.3
b6b2e000-b6b31000 rw-p 00039000 08:11 2360434    /lib/i386-linux-gnu/libreadline.so.6.3
b6b31000-b6b32000 rw-p 00000000 00:00 0 
b6b32000-b7209000 r-xp 00000000 08:11 268566     /usr/lib/atlas-base/atlas/libblas.so.3.0
b7209000-b720d000 rw-p 006d6000 08:11 268566     /usr/lib/atlas-base/atlas/libblas.so.3.0
b720d000-b73b6000 r-xp 00000000 08:11 2364051    /lib/i386-linux-gnu/libc-2.19.so
b73b6000-b73b7000 ---p 001a9000 08:11 2364051    /lib/i386-linux-gnu/libc-2.19.so
b73b7000-b73b9000 r--p 001a9000 08:11 2364051    /lib/i386-linux-gnu/libc-2.19.so
b73b9000-b73ba000 rw-p 001ab000 08:11 2364051    /lib/i386-linux-gnu/libc-2.19.so
b73ba000-b73be000 rw-p 00000000 00:00 0 
b73be000-b7402000 r-xp 00000000 08:11 2364046    /lib/i386-linux-gnu/libm-2.19.so
b7402000-b7403000 r--p 00043000 08:11 2364046    /lib/i386-linux-gnu/libm-2.19.so
b7403000-b7404000 rw-p 00044000 08:11 2364046    /lib/i386-linux-gnu/libm-2.19.so
b7404000-b741c000 r-xp 00000000 08:11 2360472    /lib/i386-linux-gnu/libz.so.1.2.8
b741c000-b741d000 r--p 00017000 08:11 2360472    /lib/i386-linux-gnu/libz.so.1.2.8
b741d000-b741e000 rw-p 00018000 08:11 2360472    /lib/i386-linux-gnu/libz.so.1.2.8
b741e000-b7425000 r-xp 00000000 08:11 2364044    /lib/i386-linux-gnu/librt-2.19.so
b7425000-b7426000 r--p 00006000 08:11 2364044    /lib/i386-linux-gnu/librt-2.19.so
b7426000-b7427000 rw-p 00007000 08:11 2364044    /lib/i386-linux-gnu/librt-2.19.so
b7427000-b742b000 r-xp 00000000 08:11 2360467    /lib/i386-linux-gnu/libuuid.so.1.3.0
b742b000-b742c000 r--p 00003000 08:11 2360467    /lib/i386-linux-gnu/libuuid.so.1.3.0
b742c000-b742d000 rw-p 00004000 08:11 2360467    /lib/i386-linux-gnu/libuuid.so.1.3.0
b742d000-b742f000 r-xp 00000000 08:11 2364054    /lib/i386-linux-gnu/libutil-2.19.so
b742f000-b7430000 r--p 00001000 08:11 2364054    /lib/i386-linux-gnu/libutil-2.19.so
b7430000-b7431000 rw-p 00002000 08:11 2364054    /lib/i386-linux-gnu/libutil-2.19.so
b7431000-b7432000 rw-p 00000000 00:00 0 
b7432000-b744a000 r-xp 00000000 08:11 2364059    /lib/i386-linux-gnu/libpthread-2.19.so
b744a000-b744b000 r--p 00017000 08:11 2364059    /lib/i386-linux-gnu/libpthread-2.19.so
b744b000-b744c000 rw-p 00018000 08:11 2364059    /lib/i386-linux-gnu/libpthread-2.19.so
b744c000-b744e000 rw-p 00000000 00:00 0 
b744e000-b7451000 r--s 00000000 08:11 2493346    /var/cache/fontconfig/7ef2298fde41cc6eeb7af42e48b7d293-le32d4.cache-4
b7451000-b7453000 r-xp 00000000 08:11 133567     /usr/lib/i386-linux-gnu/gconv/ISO8859-1.so
b7453000-b7454000 r--p 00001000 08:11 133567     /usr/lib/i386-linux-gnu/gconv/ISO8859-1.so
b7454000-b7455000 rw-p 00002000 08:11 133567     /usr/lib/i386-linux-gnu/gconv/ISO8859-1.so
b7455000-b745c000 r-xp 00000000 08:11 2364040    /lib/i386-linux-gnu/libnss_compat-2.19.so
b745c000-b745d000 r--p 00006000 08:11 2364040    /lib/i386-linux-gnu/libnss_compat-2.19.so
b745d000-b745e000 rw-p 00007000 08:11 2364040    /lib/i386-linux-gnu/libnss_compat-2.19.so
b745e000-b745f000 r--p 00000000 08:11 4196949    /usr/lib/R/library/translations/en/LC_MESSAGES/R.mo
b745f000-b7466000 r--s 00000000 08:11 133515     /usr/lib/i386-linux-gnu/gconv/gconv-modules.cache
b7466000-b7467000 r--p 00855000 08:11 139437     /usr/lib/locale/locale-archive
b7467000-b7672000 r-xp 00000000 08:11 4196948    /usr/lib/R/lib/libR.so
b7672000-b7675000 r--p 0020a000 08:11 4196948    /usr/lib/R/lib/libR.so
b7675000-b767d000 rw-p 0020d000 08:11 4196948    /usr/lib/R/lib/libR.so
b767d000-b7768000 rw-p 00000000 00:00 0 
b7768000-b7769000 r-xp 00000000 00:00 0          [vdso]
b7769000-b7789000 r-xp 00000000 08:11 2364060    /lib/i386-linux-gnu/ld-2.19.so
b7789000-b778a000 r--p 0001f000 08:11 2364060    /lib/i386-linux-gnu/ld-2.19.so
b778a000-b778b000 rw-p 00020000 08:11 2364060    /lib/i386-linux-gnu/ld-2.19.so
bfb7f000-bfb80000 rwxp 00000000 00:00 0 
bfb83000-bfb86000 ---p 00000000 00:00 0 
bfb87000-bfbd3000 rwxp 00000000 00:00 0          [stack]
bfbd3000-bfbd4000 rw-p 00000000 00:00 0 

VM Arguments:
jvm_args: -Xmx512m -Xrs vfprintf exit 
java_command: <unknown>
Launcher Type: generic

Environment Variables:
PATH=/home/michael/bin:/usr/local/sbin:/usr/local/bin:/usr/sbin:/usr/bin:/sbin:/bin:/usr/games:/usr/local/games:/home/michael/algs4/bin
LD_LIBRARY_PATH=/usr/lib/R/lib:/lib:/usr/lib/i386-linux-gnu:/usr/lib/jvm/java-7-openjdk-i386/jre/lib/i386/client:@JAVA_LD@
SHELL=/bin/bash
DISPLAY=:0

Signal Handlers:
SIGSEGV: [libjvm.so+0x4e4980], sa_mask[0]=0x7ffbfeff, sa_flags=0x10000004
SIGBUS: [libjvm.so+0x4e4980], sa_mask[0]=0x7ffbfeff, sa_flags=0x10000004
SIGFPE: [libjvm.so+0x3c5240], sa_mask[0]=0x7ffbfeff, sa_flags=0x10000004
SIGPIPE: [libjvm.so+0x3c5240], sa_mask[0]=0x7ffbfeff, sa_flags=0x10000004
SIGXFSZ: [libjvm.so+0x3c5240], sa_mask[0]=0x7ffbfeff, sa_flags=0x10000004
SIGILL: [libjvm.so+0x3c5240], sa_mask[0]=0x7ffbfeff, sa_flags=0x10000004
SIGUSR1: SIG_IGN, sa_mask[0]=0x00000000, sa_flags=0x00000000
SIGUSR2: [libjvm.so+0x3c50d0], sa_mask[0]=0x00000000, sa_flags=0x10000004
SIGHUP: SIG_DFL, sa_mask[0]=0x00000000, sa_flags=0x00000000
SIGINT: SIG_DFL, sa_mask[0]=0x00000002, sa_flags=0x10000000
SIGTERM: SIG_DFL, sa_mask[0]=0x00000000, sa_flags=0x00000000
SIGQUIT: SIG_DFL, sa_mask[0]=0x00000000, sa_flags=0x00000000
SIGTRAP: SIG_DFL, sa_mask[0]=0x00000000, sa_flags=0x00000000


---------------  S Y S T E M  ---------------

OS:Ubuntu 14.04 (trusty)
uname:Linux 3.13.0-36-generic #63-Ubuntu SMP Wed Sep 3 21:30:45 UTC 2014 i686
libc:glibc 2.19 NPTL 2.19 
rlimit: STACK 8192k, CORE 0k, NPROC 129478, NOFILE 4096, AS infinity
load average:0.44 0.51 0.47

/proc/meminfo:
MemTotal:       16592436 kB
MemFree:         1152448 kB
Buffers:          147984 kB
Cached:         11068620 kB
SwapCached:           72 kB
Active:          9191204 kB
Inactive:        5955856 kB
Active(anon):    3527596 kB
Inactive(anon):   463960 kB
Active(file):    5663608 kB
Inactive(file):  5491896 kB
Unevictable:          32 kB
Mlocked:              32 kB
HighTotal:      15863304 kB
HighFree:         848028 kB
LowTotal:         729132 kB
LowFree:          304420 kB
SwapTotal:      16774140 kB
SwapFree:       16773836 kB
Dirty:                 0 kB
Writeback:             0 kB
AnonPages:       3930428 kB
Mapped:           302684 kB
Shmem:             61100 kB
Slab:             221564 kB
SReclaimable:     193500 kB
SUnreclaim:        28064 kB
KernelStack:        5088 kB
PageTables:        21052 kB
NFS_Unstable:          0 kB
Bounce:                0 kB
WritebackTmp:          0 kB
CommitLimit:    25070356 kB
Committed_AS:    8602708 kB
VmallocTotal:     122880 kB
VmallocUsed:       30264 kB
VmallocChunk:      56348 kB
HardwareCorrupted:     0 kB
AnonHugePages:   2617344 kB
HugePages_Total:       0
HugePages_Free:        0
HugePages_Rsvd:        0
HugePages_Surp:        0
Hugepagesize:       2048 kB
DirectMap4k:       10232 kB
DirectMap2M:      903168 kB


CPU:total 4 (4 cores per cpu, 1 threads per core) family 16 model 4 stepping 3, cmov, cx8, fxsr, mmx, sse, sse2, sse3, popcnt, mmxext, 3dnowpref, lzcnt, sse4a, tsc, tscinvbit, tscinv

/proc/cpuinfo:
processor	: 0
vendor_id	: AuthenticAMD
cpu family	: 16
model		: 4
model name	: AMD Phenom(tm) II X4 955 Processor
stepping	: 3
microcode	: 0x10000c8
cpu MHz		: 800.000
cache size	: 512 KB
physical id	: 0
siblings	: 4
core id		: 0
cpu cores	: 4
apicid		: 0
initial apicid	: 0
fdiv_bug	: no
f00f_bug	: no
coma_bug	: no
fpu		: yes
fpu_exception	: yes
cpuid level	: 5
wp		: yes
flags		: fpu vme de pse tsc msr pae mce cx8 apic sep mtrr pge mca cmov pat pse36 clflush mmx fxsr sse sse2 ht syscall nx mmxext fxsr_opt pdpe1gb rdtscp lm 3dnowext 3dnow constant_tsc nonstop_tsc extd_apicid pni monitor cx16 popcnt lahf_lm cmp_legacy svm extapic cr8_legacy abm sse4a misalignsse 3dnowprefetch osvw ibs skinit wdt nodeid_msr hw_pstate npt lbrv svm_lock nrip_save
bogomips	: 6399.53
clflush size	: 64
cache_alignment	: 64
address sizes	: 48 bits physical, 48 bits virtual
power management: ts ttp tm stc 100mhzsteps hwpstate

processor	: 1
vendor_id	: AuthenticAMD
cpu family	: 16
model		: 4
model name	: AMD Phenom(tm) II X4 955 Processor
stepping	: 3
microcode	: 0x10000c8
cpu MHz		: 800.000
cache size	: 512 KB
physical id	: 0
siblings	: 4
core id		: 1
cpu cores	: 4
apicid		: 1
initial apicid	: 1
fdiv_bug	: no
f00f_bug	: no
coma_bug	: no
fpu		: yes
fpu_exception	: yes
cpuid level	: 5
wp		: yes
flags		: fpu vme de pse tsc msr pae mce cx8 apic sep mtrr pge mca cmov pat pse36 clflush mmx fxsr sse sse2 ht syscall nx mmxext fxsr_opt pdpe1gb rdtscp lm 3dnowext 3dnow constant_tsc nonstop_tsc extd_apicid pni monitor cx16 popcnt lahf_lm cmp_legacy svm extapic cr8_legacy abm sse4a misalignsse 3dnowprefetch osvw ibs skinit wdt nodeid_msr hw_pstate npt lbrv svm_lock nrip_save
bogomips	: 6399.53
clflush size	: 64
cache_alignment	: 64
address sizes	: 48 bits physical, 48 bits virtual
power management: ts ttp tm stc 100mhzsteps hwpstate

processor	: 2
vendor_id	: AuthenticAMD
cpu family	: 16
model		: 4
model name	: AMD Phenom(tm) II X4 955 Processor
stepping	: 3
microcode	: 0x10000c8
cpu MHz		: 800.000
cache size	: 512 KB
physical id	: 0
siblings	: 4
core id		: 2
cpu cores	: 4
apicid		: 2
initial apicid	: 2
fdiv_bug	: no
f00f_bug	: no
coma_bug	: no
fpu		: yes
fpu_exception	: yes
cpuid level	: 5
wp		: yes
flags		: fpu vme de pse tsc msr pae mce cx8 apic sep mtrr pge mca cmov pat pse36 clflush mmx fxsr sse sse2 ht syscall nx mmxext fxsr_opt pdpe1gb rdtscp lm 3dnowext 3dnow constant_tsc nonstop_tsc extd_apicid pni monitor cx16 popcnt lahf_lm cmp_legacy svm extapic cr8_legacy abm sse4a misalignsse 3dnowprefetch osvw ibs skinit wdt nodeid_msr hw_pstate npt lbrv svm_lock nrip_save
bogomips	: 6399.53
clflush size	: 64
cache_alignment	: 64
address sizes	: 48 bits physical, 48 bits virtual
power management: ts ttp tm stc 100mhzsteps hwpstate

processor	: 3
vendor_id	: AuthenticAMD
cpu family	: 16
model		: 4
model name	: AMD Phenom(tm) II X4 955 Processor
stepping	: 3
microcode	: 0x10000c8
cpu MHz		: 3200.000
cache size	: 512 KB
physical id	: 0
siblings	: 4
core id		: 3
cpu cores	: 4
apicid		: 3
initial apicid	: 3
fdiv_bug	: no
f00f_bug	: no
coma_bug	: no
fpu		: yes
fpu_exception	: yes
cpuid level	: 5
wp		: yes
flags		: fpu vme de pse tsc msr pae mce cx8 apic sep mtrr pge mca cmov pat pse36 clflush mmx fxsr sse sse2 ht syscall nx mmxext fxsr_opt pdpe1gb rdtscp lm 3dnowext 3dnow constant_tsc nonstop_tsc extd_apicid pni monitor cx16 popcnt lahf_lm cmp_legacy svm extapic cr8_legacy abm sse4a misalignsse 3dnowprefetch osvw ibs skinit wdt nodeid_msr hw_pstate npt lbrv svm_lock nrip_save
bogomips	: 6399.53
clflush size	: 64
cache_alignment	: 64
address sizes	: 48 bits physical, 48 bits virtual
power management: ts ttp tm stc 100mhzsteps hwpstate



Memory: 4k page, physical 16592436k(1152448k free), swap 16774140k(16773836k free)

vm_info: OpenJDK Client VM (24.65-b04) for linux-x86 JRE (1.7.0_65-b32), built on Sep 10 2014 05:59:23 by "buildd" with gcc 4.8.2

time: Tue Oct  7 21:08:20 2014
elapsed time: 216 seconds

